<?xml version="1.0" encoding="UTF-8" ?>
<testsuite 
errors="0" failures="0" hostname="lenovo-PC" name="AppCrawler_0" tests="19" time="0.02" timestamp="2016-11-03T11:15:33">
  <properties>
[...]
</properties>
  <testcase 
  name="clickedIndex=0 xpath=startupActions-println(&quot;startupAction call use scala code&quot;)-0" classname="AppCrawler_0" time="0.0">
</testcase>
  <testcase 
  name="clickedIndex=1 xpath=//android.support.v4.view.ViewPager[@index=&quot;0&quot; and @resource-id=&quot;com.thinkive.android.investhtzq:id/viewpager&quot;]/android.widget.LinearLayout[@index=&quot;0&quot;]/android.widget.LinearLayout[@index=&quot;0&quot;]/android.widget.TextView[@index=&quot;0&quot; and @resource-id=&quot;com.thinkive.android.investhtzq:id/tv_title&quot; and @text=&quot;发现&quot;]" classname="AppCrawler_0" time="0.001">
</testcase>
  <testcase 
  name="clickedIndex=2 xpath=//android.widget.HorizontalScrollView[@index=&quot;2&quot; and @resource-id=&quot;com.thinkive.android.investhtzq:id/indicator&quot;]/android.widget.LinearLayout[@index=&quot;0&quot;]/android.widget.LinearLayout[@index=&quot;0&quot;]/android.widget.TextView[@index=&quot;1&quot; and @resource-id=&quot;com.thinkive.android.investhtzq:id/item_text&quot; and @text=&quot;发现&quot;]" classname="AppCrawler_0" time="0.0">
</testcase>
  <testcase 
  name="clickedIndex=3 xpath=//android.widget.HorizontalScrollView[@index=&quot;2&quot; and @resource-id=&quot;com.thinkive.android.investhtzq:id/indicator&quot;]/android.widget.LinearLayout[@index=&quot;0&quot;]/android.widget.LinearLayout[@index=&quot;1&quot;]/android.widget.TextView[@index=&quot;1&quot; and @resource-id=&quot;com.thinkive.android.investhtzq:id/item_text&quot; and @text=&quot;行情&quot;]" classname="AppCrawler_0" time="0.001">
</testcase>
  <testcase 
  name="clickedIndex=4 xpath=//android.widget.LinearLayout[@index=&quot;1&quot;]/android.widget.RelativeLayout[@index=&quot;0&quot; and @resource-id=&quot;com.thinkive.android.investhtzq:id/rl_title_optional&quot;]/android.widget.FrameLayout[@index=&quot;0&quot;]/android.widget.TextView[@index=&quot;0&quot; and @resource-id=&quot;com.thinkive.android.investhtzq:id/btn_edit_zxg&quot; and @text=&quot;编辑&quot;]" classname="AppCrawler_0" time="0.001">
</testcase>
  <testcase 
  name="clickedIndex=5 xpath=//android.widget.LinearLayout[@index=&quot;1&quot;]/android.widget.RelativeLayout[@index=&quot;0&quot; and @resource-id=&quot;com.thinkive.android.investhtzq:id/rl_title_optional&quot;]/android.widget.FrameLayout[@index=&quot;1&quot;]/android.widget.TextView[@index=&quot;0&quot; and @resource-id=&quot;com.thinkive.android.investhtzq:id/tx_eidt_title&quot; and @text=&quot;编辑自选股&quot;]" classname="AppCrawler_0" time="0.0">
</testcase>
  <testcase 
  name="clickedIndex=6 xpath=//android.widget.LinearLayout[@index=&quot;0&quot;]/android.widget.FrameLayout[@index=&quot;0&quot;]/android.widget.RelativeLayout[@index=&quot;0&quot; and @resource-id=&quot;com.thinkive.android.investhtzq:id/linearlayoutTitle2&quot;]/android.widget.TextView[@index=&quot;1&quot; and @resource-id=&quot;com.thinkive.android.investhtzq:id/optional_warn_gp&quot; and @text=&quot;股票&quot;]" classname="AppCrawler_0" time="0.001">
</testcase>
  <testcase 
  name="clickedIndex=7 xpath=//android.widget.LinearLayout[@index=&quot;0&quot;]/android.widget.FrameLayout[@index=&quot;0&quot;]/android.widget.RelativeLayout[@index=&quot;0&quot; and @resource-id=&quot;com.thinkive.android.investhtzq:id/linearlayoutTitle2&quot;]/android.widget.TextView[@index=&quot;2&quot; and @resource-id=&quot;com.thinkive.android.investhtzq:id/optional_warn_zd&quot; and @text=&quot;置顶&quot;]" classname="AppCrawler_0" time="0.001">
</testcase>
  <testcase 
  name="clickedIndex=8 xpath=//android.widget.LinearLayout[@index=&quot;0&quot;]/android.widget.FrameLayout[@index=&quot;0&quot;]/android.widget.RelativeLayout[@index=&quot;0&quot; and @resource-id=&quot;com.thinkive.android.investhtzq:id/linearlayoutTitle2&quot;]/android.widget.TextView[@index=&quot;3&quot; and @resource-id=&quot;com.thinkive.android.investhtzq:id/optional_warn_td&quot; and @text=&quot;拖动&quot;]" classname="AppCrawler_0" time="0.0">
</testcase>
  <testcase 
  name="clickedIndex=9 xpath=//android.widget.RelativeLayout[@index=&quot;0&quot;]/android.widget.RelativeLayout[@index=&quot;0&quot; and @resource-id=&quot;com.thinkive.android.investhtzq:id/rela_check&quot;]/android.widget.RelativeLayout[@index=&quot;1&quot;]/android.widget.TextView[@index=&quot;0&quot; and @resource-id=&quot;com.thinkive.android.investhtzq:id/tv_stock_name&quot; and @text=&quot;上证指数&quot;]" classname="AppCrawler_0" time="0.001">
</testcase>
  <testcase 
  name="clickedIndex=10 xpath=//android.widget.RelativeLayout[@index=&quot;0&quot;]/android.widget.RelativeLayout[@index=&quot;0&quot; and @resource-id=&quot;com.thinkive.android.investhtzq:id/rela_check&quot;]/android.widget.RelativeLayout[@index=&quot;1&quot;]/android.widget.TextView[@index=&quot;0&quot; and @resource-id=&quot;com.thinkive.android.investhtzq:id/tv_stock_name&quot; and @text=&quot;深证成指&quot;]" classname="AppCrawler_0" time="0.001">
</testcase>
  <testcase 
  name="clickedIndex=11 xpath=//android.widget.RelativeLayout[@index=&quot;0&quot;]/android.widget.RelativeLayout[@index=&quot;0&quot; and @resource-id=&quot;com.thinkive.android.investhtzq:id/rela_check&quot;]/android.widget.RelativeLayout[@index=&quot;1&quot;]/android.widget.TextView[@index=&quot;0&quot; and @resource-id=&quot;com.thinkive.android.investhtzq:id/tv_stock_name&quot; and @text=&quot;创业板&quot;]" classname="AppCrawler_0" time="0.001">
</testcase>
  <testcase 
  name="clickedIndex=12 xpath=//android.widget.HorizontalScrollView[@index=&quot;2&quot; and @resource-id=&quot;com.thinkive.android.investhtzq:id/indicator&quot;]/android.widget.LinearLayout[@index=&quot;0&quot;]/android.widget.LinearLayout[@index=&quot;2&quot;]/android.widget.TextView[@index=&quot;1&quot; and @resource-id=&quot;com.thinkive.android.investhtzq:id/item_text&quot; and @text=&quot;交易&quot;]" classname="AppCrawler_0" time="0.001">
</testcase>
  <testcase 
  name="clickedIndex=13 xpath=//android.widget.LinearLayout[@index=&quot;0&quot; and @resource-id=&quot;com.thinkive.android.investhtzq:id/ll_main_container_hold_non&quot;]/android.widget.LinearLayout[@index=&quot;2&quot;]/android.widget.LinearLayout[@index=&quot;0&quot;]/android.widget.TextView[@index=&quot;0&quot; and @text=&quot;当日参考盈亏(元)&quot;]" classname="AppCrawler_0" time="0.001">
</testcase>
  <testcase 
  name="clickedIndex=14 xpath=//android.widget.LinearLayout[@index=&quot;2&quot;]/android.widget.LinearLayout[@index=&quot;0&quot;]/android.widget.LinearLayout[@index=&quot;1&quot;]/android.widget.TextView[@index=&quot;0&quot; and @text=&quot;--&quot;]" classname="AppCrawler_0" time="0.001">
</testcase>
  <testcase 
  name="clickedIndex=15 xpath=//android.widget.LinearLayout[@index=&quot;0&quot; and @resource-id=&quot;com.thinkive.android.investhtzq:id/ll_main_container_hold_non&quot;]/android.widget.LinearLayout[@index=&quot;2&quot;]/android.widget.LinearLayout[@index=&quot;1&quot;]/android.widget.TextView[@index=&quot;0&quot; and @text=&quot;总盈亏(元)&quot;]" classname="AppCrawler_0" time="0.0">
</testcase>
  <testcase 
  name="clickedIndex=16 xpath=//android.widget.LinearLayout[@index=&quot;2&quot;]/android.widget.LinearLayout[@index=&quot;1&quot;]/android.widget.LinearLayout[@index=&quot;1&quot;]/android.widget.TextView[@index=&quot;0&quot; and @text=&quot;--&quot;]" classname="AppCrawler_0" time="0.001">
</testcase>
  <testcase 
  name="clickedIndex=17 xpath=//android.widget.LinearLayout[@index=&quot;2&quot;]/android.widget.LinearLayout[@index=&quot;1&quot; and @resource-id=&quot;com.thinkive.android.investhtzq:id/ll_home_layout&quot;]/android.widget.LinearLayout[@index=&quot;1&quot; and @resource-id=&quot;com.thinkive.android.investhtzq:id/ll_firstRow&quot;]/android.widget.TextView[@index=&quot;0&quot; and @resource-id=&quot;com.thinkive.android.investhtzq:id/tv_buying&quot; and @text=&quot;买入&quot;]" classname="AppCrawler_0" time="0.001">
</testcase>
  <testcase 
  name="clickedIndex=19 xpath=//android.widget.LinearLayout[@index=&quot;2&quot;]/android.widget.LinearLayout[@index=&quot;1&quot; and @resource-id=&quot;com.thinkive.android.investhtzq:id/ll_home_layout&quot;]/android.widget.LinearLayout[@index=&quot;1&quot; and @resource-id=&quot;com.thinkive.android.investhtzq:id/ll_firstRow&quot;]/android.widget.TextView[@index=&quot;1&quot; and @resource-id=&quot;com.thinkive.android.investhtzq:id/tv_sell&quot; and @text=&quot;卖出&quot;]" classname="AppCrawler_0" time="0.0">
</testcase>
  <system-out><![CDATA[]]></system-out>
  <system-err><![CDATA[]]></system-err>
</testsuite>
